2013-05-15 12:41:16 -0700 INFO: jruby 1.7.3 (1.9.3p385) 2013-02-21 dac429b on OpenJDK 64-Bit Server VM 1.7.0_21-b02 [linux-amd64]
2013-05-15 12:41:16 -0700 INFO: using 1:5 runtime pool with acquire timeout of 5.0 seconds
2013-05-15 12:41:17 -0700 INFO: An exception happened during JRuby-Rack startup
can't activate rack-1.4.5, already activated rack-1.5.2
--- System
jruby 1.7.3 (1.9.3p385) 2013-02-21 dac429b on OpenJDK 64-Bit Server VM 1.7.0_21-b02 [linux-amd64]
Time: 2013-05-15 12:41:17 -0700
Server: Apache Tomcat/7.0.39
jruby.home: /home/davidmz/.rvm/rubies/jruby-1.7.3

--- Context Init Parameters:
app.root = /home/davidmz/dev/leadfinder/api
jruby.compat.version = 1.9.3
jruby.initial.runtimes = 1
jruby.max.runtimes = 5
jruby.min.runtimes = 1
jruby.rack.layout_class = JRuby::Rack::FileSystemLayout
jruby.rack.logging = JUL
jruby.rack.logging.name = org.apache.catalina.core.ContainerBase.[Tomcat].[localhost].[default]
jruby.runtime.acquire.timeout = 5.0
public.root = public
rack.env = development
rackup.path = config.ru

--- Backtrace
Gem::LoadError: can't activate rack-1.4.5, already activated rack-1.5.2
  raise_if_conflicts at /home/davidmz/.rvm/rubies/jruby-1.7.3/lib/ruby/shared/rubygems/specification.rb:1625
            activate at /home/davidmz/.rvm/rubies/jruby-1.7.3/lib/ruby/shared/rubygems/specification.rb:746
                 gem at /home/davidmz/.rvm/rubies/jruby-1.7.3/lib/ruby/shared/rubygems.rb:1232
              (root) at /home/davidmz/dev/leadfinder/api/config.ru:1
       instance_eval at org/jruby/RubyBasicObject.java:1709
          initialize at /home/davidmz/.rvm/gems/jruby-1.7.3/gems/rack-1.5.2/lib/rack/builder.rb:55
              (root) at /home/davidmz/dev/leadfinder/api/config.ru:1

--- RubyGems
Gem.dir: /home/davidmz/.rvm/gems/jruby-1.7.3
Gem.path:
/home/davidmz/.rvm/gems/jruby-1.7.3
/home/davidmz/.rvm/gems/jruby-1.7.3@global
Activated gems:
  rack-1.5.2

--- Bundler
undefined method `bundle_path' for Bundler:Module

--- JRuby-Rack Config
compat_version = RUBY1_9
default_logger = org.jruby.rack.logging.StandardOutLogger@b7d2830
equals = <error: >
err = java.io.PrintStream@48ae27b0
filter_adds_html = true
filter_verifies_resource = false
ignore_environment = false
initial_memory_buffer_size = 
initial_runtimes = 1
jms_connection_factory = 
jms_jndi_properties = 
logger = org.jruby.rack.logging.JulLogger@41a443cb
logger_class_name = JUL
logger_name = org.apache.catalina.core.ContainerBase.[Tomcat].[localhost].[default]
maximum_memory_buffer_size = 
maximum_runtimes = 5
num_initializer_threads = 
out = java.io.PrintStream@29a32eb9
rackup = 
rackup_path = config.ru
rewindable = true
runtime_arguments = 
runtime_environment = 
runtime_timeout_seconds = 
serial_initialization = false
servlet_context = org.apache.catalina.core.ApplicationContextFacade@4ab44d17
throw_init_exception = false

--- $LOAD_PATH:
/home/davidmz/.rvm/gems/jruby-1.7.3/gems/rack-1.5.2/lib
/home/davidmz/.rvm/rubies/jruby-1.7.3/lib/ruby/1.9/site_ruby
/home/davidmz/.rvm/rubies/jruby-1.7.3/lib/ruby/shared
/home/davidmz/.rvm/rubies/jruby-1.7.3/lib/ruby/1.9
2013-05-15 12:41:17 -0700 SEVERE: unable to initialize application
org.jruby.exceptions.RaiseException: (LoadError) can't activate rack-1.4.5, already activated rack-1.5.2
	at RUBY.raise_if_conflicts(/home/davidmz/.rvm/rubies/jruby-1.7.3/lib/ruby/shared/rubygems/specification.rb:1625)
	at RUBY.activate(/home/davidmz/.rvm/rubies/jruby-1.7.3/lib/ruby/shared/rubygems/specification.rb:746)
	at RUBY.gem(/home/davidmz/.rvm/rubies/jruby-1.7.3/lib/ruby/shared/rubygems.rb:1232)
	at RUBY.(root)(/home/davidmz/dev/leadfinder/api/config.ru:1)
	at org.jruby.RubyBasicObject.instance_eval(org/jruby/RubyBasicObject.java:1709)
	at RUBY.initialize(/home/davidmz/.rvm/gems/jruby-1.7.3/gems/rack-1.5.2/lib/rack/builder.rb:55)
	at RUBY.(root)(/home/davidmz/dev/leadfinder/api/config.ru:1)
2013-05-15 12:41:17 -0700 INFO: added application to pool, size now = 1
2013-05-15 12:41:17 -0700 SEVERE: initialization failed
org.jruby.rack.RackInitializationException: can't activate rack-1.4.5, already activated rack-1.5.2
	from /home/davidmz/.rvm/rubies/jruby-1.7.3/lib/ruby/shared/rubygems/specification.rb:1625:in `raise_if_conflicts'
	from /home/davidmz/.rvm/rubies/jruby-1.7.3/lib/ruby/shared/rubygems/specification.rb:746:in `activate'
	from /home/davidmz/.rvm/rubies/jruby-1.7.3/lib/ruby/shared/rubygems.rb:1232:in `gem'
	from /home/davidmz/dev/leadfinder/api/config.ru:1:in `(root)'
	from org/jruby/RubyBasicObject.java:1709:in `instance_eval'
	from /home/davidmz/.rvm/gems/jruby-1.7.3/gems/rack-1.5.2/lib/rack/builder.rb:55:in `initialize'
	from /home/davidmz/dev/leadfinder/api/config.ru:1:in `(root)'

	at org.jruby.rack.RackInitializationException.wrap(RackInitializationException.java:29)
	at org.jruby.rack.RackApplicationFactoryDecorator.init(RackApplicationFactoryDecorator.java:98)
	at org.jruby.rack.RackServletContextListener.contextInitialized(RackServletContextListener.java:50)
	at org.apache.catalina.core.StandardContext.listenerStart(StandardContext.java:4887)
	at org.apache.catalina.core.StandardContext.startInternal(StandardContext.java:5381)
	at org.apache.catalina.util.LifecycleBase.start(LifecycleBase.java:150)
	at org.apache.catalina.core.ContainerBase$StartChild.call(ContainerBase.java:1559)
	at org.apache.catalina.core.ContainerBase$StartChild.call(ContainerBase.java:1549)
	at java.util.concurrent.FutureTask$Sync.innerRun(FutureTask.java:334)
	at java.util.concurrent.FutureTask.run(FutureTask.java:166)
	at java.util.concurrent.ThreadPoolExecutor.runWorker(ThreadPoolExecutor.java:1145)
	at java.util.concurrent.ThreadPoolExecutor$Worker.run(ThreadPoolExecutor.java:615)
	at java.lang.Thread.run(Thread.java:722)
Caused by: org.jruby.exceptions.RaiseException: (LoadError) can't activate rack-1.4.5, already activated rack-1.5.2
	at RUBY.raise_if_conflicts(/home/davidmz/.rvm/rubies/jruby-1.7.3/lib/ruby/shared/rubygems/specification.rb:1625)
	at RUBY.activate(/home/davidmz/.rvm/rubies/jruby-1.7.3/lib/ruby/shared/rubygems/specification.rb:746)
	at RUBY.gem(/home/davidmz/.rvm/rubies/jruby-1.7.3/lib/ruby/shared/rubygems.rb:1232)
	at RUBY.(root)(/home/davidmz/dev/leadfinder/api/config.ru:1)
	at org.jruby.RubyBasicObject.instance_eval(org/jruby/RubyBasicObject.java:1709)
	at RUBY.initialize(/home/davidmz/.rvm/gems/jruby-1.7.3/gems/rack-1.5.2/lib/rack/builder.rb:55)
	at RUBY.(root)(/home/davidmz/dev/leadfinder/api/config.ru:1)
